2018-07-24 17:09:57,825 - BrowserEngine - INFO - You had select Chrome browser.
2018-07-24 17:09:57,825 - BrowserEngine - INFO - The test server url is: https://www.baidu.com
2018-07-24 17:10:02,510 - BrowserEngine - INFO - Starting Chrome browser.
2018-07-24 17:10:03,164 - BrowserEngine - INFO - Open url: https://www.baidu.com
2018-07-24 17:10:04,302 - BrowserEngine - INFO - Maximize the current window.
2018-07-24 17:10:04,303 - BrowserEngine - INFO - Set implicitly wait 10 seconds.
2018-07-24 17:10:04,313 - BasePage - INFO - Current page title is 百度一下，你就知道
2018-07-24 17:10:07,356 - BrowserEngine - INFO - You had select Chrome browser.
2018-07-24 17:10:07,356 - BrowserEngine - INFO - The test server url is: https://www.baidu.com
2018-07-24 17:10:12,023 - BrowserEngine - INFO - Starting Chrome browser.
2018-07-24 17:10:12,460 - BrowserEngine - INFO - Open url: https://www.baidu.com
2018-07-24 17:10:13,588 - BrowserEngine - INFO - Maximize the current window.
2018-07-24 17:10:13,588 - BrowserEngine - INFO - Set implicitly wait 10 seconds.
2018-07-24 17:10:21,078 - BasePage - INFO - Had take screenshot and save to folder : /screenshots
2018-07-24 17:10:24,103 - BrowserEngine - INFO - You had select Chrome browser.
2018-07-24 17:10:24,103 - BrowserEngine - INFO - The test server url is: https://www.baidu.com
2018-07-24 17:10:28,800 - BrowserEngine - INFO - Starting Chrome browser.
2018-07-24 17:10:29,288 - BrowserEngine - INFO - Open url: https://www.baidu.com
2018-07-24 17:10:30,431 - BrowserEngine - INFO - Maximize the current window.
2018-07-24 17:10:30,433 - BrowserEngine - INFO - Set implicitly wait 10 seconds.
2018-07-24 17:10:30,512 - BasePage - INFO - Had find the element '  ' successful by id via value: kw 
2018-07-24 17:10:30,659 - BasePage - INFO - Had type ' selenium ' in inputBox
2018-07-24 17:10:30,683 - BasePage - INFO - Had find the element '  ' successful by xpath via value: //*[@id='su'] 
2018-07-24 17:10:30,759 - BasePage - INFO - The element '  ' was clicked.
2018-07-24 17:10:33,217 - BasePage - INFO - Had take screenshot and save to folder : /screenshots
2018-07-24 17:10:33,223 - BasePage - INFO - Current page title is selenium_百度搜索
2018-07-24 17:10:33,238 - BasePage - INFO - Had find the element '  ' successful by id via value: kw 
2018-07-24 17:10:33,296 - BasePage - INFO - Had type ' python ' in inputBox
2018-07-24 17:10:33,310 - BasePage - INFO - Had find the element '  ' successful by xpath via value: //*[@id='su'] 
2018-07-24 17:10:33,358 - BasePage - INFO - The element '  ' was clicked.
2018-07-24 17:10:35,746 - BasePage - INFO - Had take screenshot and save to folder : /screenshots
